c:\users\dood\documents\github\fatalerror\game0\vs-2019\x64\debug\vc142.pdb
c:\users\dood\documents\github\fatalerror\game0\vs-2019\x64\debug\vc142.idb
c:\users\dood\documents\github\fatalerror\game0\vs-2019\x64\debug\star.obj
c:\users\dood\documents\github\fatalerror\game0\vs-2019\x64\debug\saucer.obj
c:\users\dood\documents\github\fatalerror\game0\vs-2019\x64\debug\reticle.obj
c:\users\dood\documents\github\fatalerror\game0\vs-2019\x64\debug\points.obj
c:\users\dood\documents\github\fatalerror\game0\vs-2019\x64\debug\player2reticle.obj
c:\users\dood\documents\github\fatalerror\game0\vs-2019\x64\debug\player1reticle.obj
c:\users\dood\documents\github\fatalerror\game0\vs-2019\x64\debug\platform.obj
c:\users\dood\documents\github\fatalerror\game0\vs-2019\x64\debug\menureticle.obj
c:\users\dood\documents\github\fatalerror\game0\vs-2019\x64\debug\hero.obj
c:\users\dood\documents\github\fatalerror\game0\vs-2019\x64\debug\healthpack.obj
c:\users\dood\documents\github\fatalerror\game0\vs-2019\x64\debug\gameover.obj
c:\users\dood\documents\github\fatalerror\game0\vs-2019\x64\debug\explosion.obj
c:\users\dood\documents\github\fatalerror\game0\vs-2019\x64\debug\eventnuke.obj
c:\users\dood\documents\github\fatalerror\game0\vs-2019\x64\debug\eventhealth.obj
c:\users\dood\documents\github\fatalerror\game0\vs-2019\x64\debug\characterselectmenu.obj
c:\users\dood\documents\github\fatalerror\game0\vs-2019\x64\debug\bullet.obj
c:\users\dood\documents\github\fatalerror\game0\vs-2019\x64\debug\game.obj
c:\users\dood\documents\github\fatalerror\game0\vs-2019\x64\debug\testingcharacter.obj
c:\users\dood\documents\github\fatalerror\game0\vs-2019\x64\debug\playercharacter.obj
c:\users\dood\documents\github\fatalerror\game0\vs-2019\x64\debug\gamestart.obj
c:\users\dood\documents\github\fatalerror\game0\vs-2019\x64\debug\saucer-shoot.exe
c:\users\dood\documents\github\fatalerror\game0\vs-2019\x64\debug\saucer-shoot.ilk
c:\users\dood\documents\github\fatalerror\game0\vs-2019\x64\debug\saucer-shoot.pdb
c:\users\dood\documents\github\fatalerror\game0\vs-2019\x64\debug\saucer-shoot.tlog\cl.command.1.tlog
c:\users\dood\documents\github\fatalerror\game0\vs-2019\x64\debug\saucer-shoot.tlog\cl.read.1.tlog
c:\users\dood\documents\github\fatalerror\game0\vs-2019\x64\debug\saucer-shoot.tlog\cl.write.1.tlog
c:\users\dood\documents\github\fatalerror\game0\vs-2019\x64\debug\saucer-shoot.tlog\link.command.1.tlog
c:\users\dood\documents\github\fatalerror\game0\vs-2019\x64\debug\saucer-shoot.tlog\link.read.1.tlog
c:\users\dood\documents\github\fatalerror\game0\vs-2019\x64\debug\saucer-shoot.tlog\link.write.1.tlog
